Change Component Designator: Old Designator=CM1 New Designator=CM?
Change Component Designator: Old Designator=CM2 New Designator=CM?
Change Component Designator: Old Designator=CM3 New Designator=CM?
Change Component Designator: Old Designator=CM4 New Designator=CM?
Change Component Designator: Old Designator=DM1 New Designator=DM?
Change Component Designator: Old Designator=JTAG_M1 New Designator=JTAG_M?
Change Component Designator: Old Designator=RM1 New Designator=RM?
Change Component Designator: Old Designator=RM2 New Designator=RM?
Change Component Designator: Old Designator=RM3 New Designator=RM?
Change Component Designator: Old Designator=RM4 New Designator=RM?
Change Component Designator: Old Designator=RM5 New Designator=RM?
Change Component Designator: Old Designator=RM6 New Designator=RM?
Change Component Designator: Old Designator=RM7 New Designator=RM?
Change Component Designator: Old Designator=RM8 New Designator=RM?
Change Component Designator: Old Designator=RP_M1 New Designator=RP_M?
Change Component Designator: Old Designator=SM1 New Designator=SM?
Change Component Designator: Old Designator=SM2 New Designator=SM?
Change Component Designator: Old Designator=UM1 New Designator=UM?
Change Component Designator: Old Designator=UM1 New Designator=UM?
Change Component Designator: Old Designator=UM2 New Designator=UM?
Change Component Designator: Old Designator=XTAL_M1 New Designator=XTAL_M?
