Change Component Designator: Old Designator=CM? New Designator=CM1
Change Component Designator: Old Designator=CM? New Designator=CM2
Change Component Designator: Old Designator=CM? New Designator=CM3
Change Component Designator: Old Designator=CM? New Designator=CM4
Change Component Designator: Old Designator=D? New Designator=D1
Change Component Designator: Old Designator=JTAG_M? New Designator=JTAG_M1
Change Component Designator: Old Designator=RM? New Designator=RM1
Change Component Designator: Old Designator=RM? New Designator=RM2
Change Component Designator: Old Designator=RM? New Designator=RM3
Change Component Designator: Old Designator=RM? New Designator=RM4
Change Component Designator: Old Designator=RM? New Designator=RM5
Change Component Designator: Old Designator=RM? New Designator=RM6
Change Component Designator: Old Designator=RM? New Designator=RM7
Change Component Designator: Old Designator=RM? New Designator=RM8
Change Component Designator: Old Designator=RP_M? New Designator=RP_M1
Change Component Designator: Old Designator=SM? New Designator=SM1
Change Component Designator: Old Designator=SM? New Designator=SM2
Change Component Designator: Old Designator=UM? New Designator=UM1
Change Component Designator: Old Designator=UM? New Designator=UM1
Change Component Designator: Old Designator=UM? New Designator=UM2
Change Component Designator: Old Designator=XTAL_M? New Designator=XTAL_M1
